<?xml version="1.0" encoding="UTF-8"?>
<!-- Generated by org.testng.reporters.JUnitReportReporter -->
<testsuite hostname="DESKTOP-L0VDUOB" failures="0" tests="1" name="com.herokuapp.theinternet.PositiveTests" time="13.375" errors="0" timestamp="01 Apr 2020 10:41:15 GMT" skipped="0">
  <testcase classname="com.herokuapp.theinternet.PositiveTests" name="loginTest" time="13.375"/>
</testsuite> <!-- com.herokuapp.theinternet.PositiveTests -->
