<?xml version="1.0" encoding="UTF-8"?>
<!-- Generated by org.testng.reporters.JUnitReportReporter -->
<testsuite hostname="DESKTOP-L0VDUOB" failures="0" tests="1" name="com.herokuapp.theinternet.NegativeTests" time="14.117" errors="0" timestamp="01 Apr 2020 19:54:04 GMT" skipped="0">
  <testcase classname="com.herokuapp.theinternet.NegativeTests" name="negativeUsernameTest" time="14.117"/>
</testsuite> <!-- com.herokuapp.theinternet.NegativeTests -->
