<?xml version="1.0" encoding="UTF-8"?>
<!-- Generated by org.testng.reporters.JUnitReportReporter -->
<testsuite hostname="DESKTOP-L0VDUOB" failures="0" tests="1" name="com.herokuapp.theinternet.PositiveTests" time="14.402" errors="0" timestamp="01 Apr 2020 11:10:11 GMT" skipped="0">
  <testcase classname="com.herokuapp.theinternet.PositiveTests" name="loginTest" time="14.402"/>
</testsuite> <!-- com.herokuapp.theinternet.PositiveTests -->
